<?xml version="1.0" encoding="UTF-8"?>
<testsuite xmlns:xsi="http://www.w3.org/2001/XMLSchema-instance" xsi:noNamespaceSchemaLocation="https://maven.apache.org/surefire/maven-surefire-plugin/xsd/surefire-test-report.xsd" name="TestSuite" time="23.144" tests="32" errors="0" skipped="0" failures="31">
  <properties>
    <property name="gopherProxySet" value="false"/>
    <property name="socksProxyHost" value="127.0.0.1"/>
    <property name="awt.toolkit" value="sun.lwawt.macosx.LWCToolkit"/>
    <property name="http.proxyHost" value="127.0.0.1"/>
    <property name="java.specification.version" value="11"/>
    <property name="sun.cpu.isalist" value=""/>
    <property name="sun.jnu.encoding" value="UTF-8"/>
    <property name="java.class.path" value="/Users/mac/Downloads/ethereum-web3j-2/target/test-classes:/Users/mac/Downloads/ethereum-web3j-2/target/classes:/Users/mac/.m2/repository/org/springframework/boot/spring-boot-starter-web/2.2.7.RELEASE/spring-boot-starter-web-2.2.7.RELEASE.jar:/Users/mac/.m2/repository/org/springframework/boot/spring-boot-starter/2.2.2.RELEASE/spring-boot-starter-2.2.2.RELEASE.jar:/Users/mac/.m2/repository/org/springframework/boot/spring-boot/2.2.2.RELEASE/spring-boot-2.2.2.RELEASE.jar:/Users/mac/.m2/repository/org/springframework/boot/spring-boot-starter-logging/2.2.2.RELEASE/spring-boot-starter-logging-2.2.2.RELEASE.jar:/Users/mac/.m2/repository/ch/qos/logback/logback-classic/1.2.3/logback-classic-1.2.3.jar:/Users/mac/.m2/repository/org/apache/logging/log4j/log4j-to-slf4j/2.12.1/log4j-to-slf4j-2.12.1.jar:/Users/mac/.m2/repository/org/apache/logging/log4j/log4j-api/2.12.1/log4j-api-2.12.1.jar:/Users/mac/.m2/repository/org/slf4j/jul-to-slf4j/1.7.29/jul-to-slf4j-1.7.29.jar:/Users/mac/.m2/repository/jakarta/annotation/jakarta.annotation-api/1.3.5/jakarta.annotation-api-1.3.5.jar:/Users/mac/.m2/repository/org/yaml/snakeyaml/1.25/snakeyaml-1.25.jar:/Users/mac/.m2/repository/org/springframework/boot/spring-boot-starter-json/2.2.2.RELEASE/spring-boot-starter-json-2.2.2.RELEASE.jar:/Users/mac/.m2/repository/com/fasterxml/jackson/datatype/jackson-datatype-jdk8/2.10.1/jackson-datatype-jdk8-2.10.1.jar:/Users/mac/.m2/repository/com/fasterxml/jackson/datatype/jackson-datatype-jsr310/2.10.1/jackson-datatype-jsr310-2.10.1.jar:/Users/mac/.m2/repository/com/fasterxml/jackson/module/jackson-module-parameter-names/2.10.1/jackson-module-parameter-names-2.10.1.jar:/Users/mac/.m2/repository/org/springframework/boot/spring-boot-starter-tomcat/2.2.2.RELEASE/spring-boot-starter-tomcat-2.2.2.RELEASE.jar:/Users/mac/.m2/repository/org/apache/tomcat/embed/tomcat-embed-core/9.0.29/tomcat-embed-core-9.0.29.jar:/Users/mac/.m2/repository/org/apache/tomcat/embed/tomcat-embed-el/9.0.29/tomcat-embed-el-9.0.29.jar:/Users/mac/.m2/repository/org/apache/tomcat/embed/tomcat-embed-websocket/9.0.29/tomcat-embed-websocket-9.0.29.jar:/Users/mac/.m2/repository/org/springframework/boot/spring-boot-starter-validation/2.2.2.RELEASE/spring-boot-starter-validation-2.2.2.RELEASE.jar:/Users/mac/.m2/repository/jakarta/validation/jakarta.validation-api/2.0.1/jakarta.validation-api-2.0.1.jar:/Users/mac/.m2/repository/org/hibernate/validator/hibernate-validator/6.0.18.Final/hibernate-validator-6.0.18.Final.jar:/Users/mac/.m2/repository/org/jboss/logging/jboss-logging/3.4.1.Final/jboss-logging-3.4.1.Final.jar:/Users/mac/.m2/repository/com/fasterxml/classmate/1.5.1/classmate-1.5.1.jar:/Users/mac/.m2/repository/org/springframework/spring-web/5.2.2.RELEASE/spring-web-5.2.2.RELEASE.jar:/Users/mac/.m2/repository/org/springframework/spring-beans/5.2.2.RELEASE/spring-beans-5.2.2.RELEASE.jar:/Users/mac/.m2/repository/org/springframework/spring-webmvc/5.2.2.RELEASE/spring-webmvc-5.2.2.RELEASE.jar:/Users/mac/.m2/repository/org/springframework/spring-aop/5.2.2.RELEASE/spring-aop-5.2.2.RELEASE.jar:/Users/mac/.m2/repository/org/springframework/spring-context/5.2.2.RELEASE/spring-context-5.2.2.RELEASE.jar:/Users/mac/.m2/repository/org/springframework/spring-expression/5.2.2.RELEASE/spring-expression-5.2.2.RELEASE.jar:/Users/mac/.m2/repository/org/springframework/boot/spring-boot-starter-test/2.2.7.RELEASE/spring-boot-starter-test-2.2.7.RELEASE.jar:/Users/mac/.m2/repository/org/springframework/boot/spring-boot-test/2.2.2.RELEASE/spring-boot-test-2.2.2.RELEASE.jar:/Users/mac/.m2/repository/org/springframework/boot/spring-boot-test-autoconfigure/2.2.2.RELEASE/spring-boot-test-autoconfigure-2.2.2.RELEASE.jar:/Users/mac/.m2/repository/com/jayway/jsonpath/json-path/2.4.0/json-path-2.4.0.jar:/Users/mac/.m2/repository/net/minidev/json-smart/2.3/json-smart-2.3.jar:/Users/mac/.m2/repository/net/minidev/accessors-smart/1.2/accessors-smart-1.2.jar:/Users/mac/.m2/repository/jakarta/xml/bind/jakarta.xml.bind-api/2.3.2/jakarta.xml.bind-api-2.3.2.jar:/Users/mac/.m2/repository/jakarta/activation/jakarta.activation-api/1.2.1/jakarta.activation-api-1.2.1.jar:/Users/mac/.m2/repository/org/junit/vintage/junit-vintage-engine/5.5.2/junit-vintage-engine-5.5.2.jar:/Users/mac/.m2/repository/org/apiguardian/apiguardian-api/1.1.0/apiguardian-api-1.1.0.jar:/Users/mac/.m2/repository/org/junit/platform/junit-platform-engine/1.5.2/junit-platform-engine-1.5.2.jar:/Users/mac/.m2/repository/org/mockito/mockito-junit-jupiter/3.1.0/mockito-junit-jupiter-3.1.0.jar:/Users/mac/.m2/repository/org/assertj/assertj-core/3.13.2/assertj-core-3.13.2.jar:/Users/mac/.m2/repository/org/hamcrest/hamcrest/2.1/hamcrest-2.1.jar:/Users/mac/.m2/repository/org/mockito/mockito-core/3.1.0/mockito-core-3.1.0.jar:/Users/mac/.m2/repository/net/bytebuddy/byte-buddy/1.10.4/byte-buddy-1.10.4.jar:/Users/mac/.m2/repository/net/bytebuddy/byte-buddy-agent/1.10.4/byte-buddy-agent-1.10.4.jar:/Users/mac/.m2/repository/org/objenesis/objenesis/2.6/objenesis-2.6.jar:/Users/mac/.m2/repository/org/skyscreamer/jsonassert/1.5.0/jsonassert-1.5.0.jar:/Users/mac/.m2/repository/com/vaadin/external/google/android-json/0.0.20131108.vaadin1/android-json-0.0.20131108.vaadin1.jar:/Users/mac/.m2/repository/org/springframework/spring-core/5.2.2.RELEASE/spring-core-5.2.2.RELEASE.jar:/Users/mac/.m2/repository/org/springframework/spring-jcl/5.2.2.RELEASE/spring-jcl-5.2.2.RELEASE.jar:/Users/mac/.m2/repository/org/springframework/spring-test/5.2.2.RELEASE/spring-test-5.2.2.RELEASE.jar:/Users/mac/.m2/repository/org/xmlunit/xmlunit-core/2.6.3/xmlunit-core-2.6.3.jar:/Users/mac/.m2/repository/org/web3j/core/3.4.0/core-3.4.0.jar:/Users/mac/.m2/repository/org/web3j/abi/3.4.0/abi-3.4.0.jar:/Users/mac/.m2/repository/org/web3j/utils/3.4.0/utils-3.4.0.jar:/Users/mac/.m2/repository/org/bouncycastle/bcprov-jdk15on/1.54/bcprov-jdk15on-1.54.jar:/Users/mac/.m2/repository/org/web3j/crypto/3.4.0/crypto-3.4.0.jar:/Users/mac/.m2/repository/org/web3j/rlp/3.4.0/rlp-3.4.0.jar:/Users/mac/.m2/repository/org/web3j/tuples/3.4.0/tuples-3.4.0.jar:/Users/mac/.m2/repository/com/github/jnr/jnr-unixsocket/0.15/jnr-unixsocket-0.15.jar:/Users/mac/.m2/repository/com/github/jnr/jnr-ffi/2.1.2/jnr-ffi-2.1.2.jar:/Users/mac/.m2/repository/com/github/jnr/jffi/1.2.14/jffi-1.2.14.jar:/Users/mac/.m2/repository/com/github/jnr/jffi/1.2.14/jffi-1.2.14-native.jar:/Users/mac/.m2/repository/org/ow2/asm/asm/5.0.3/asm-5.0.3.jar:/Users/mac/.m2/repository/org/ow2/asm/asm-commons/5.0.3/asm-commons-5.0.3.jar:/Users/mac/.m2/repository/org/ow2/asm/asm-analysis/5.0.3/asm-analysis-5.0.3.jar:/Users/mac/.m2/repository/org/ow2/asm/asm-tree/5.0.3/asm-tree-5.0.3.jar:/Users/mac/.m2/repository/org/ow2/asm/asm-util/5.0.3/asm-util-5.0.3.jar:/Users/mac/.m2/repository/com/github/jnr/jnr-x86asm/1.0.2/jnr-x86asm-1.0.2.jar:/Users/mac/.m2/repository/com/github/jnr/jnr-constants/0.9.6/jnr-constants-0.9.6.jar:/Users/mac/.m2/repository/com/github/jnr/jnr-enxio/0.14/jnr-enxio-0.14.jar:/Users/mac/.m2/repository/com/github/jnr/jnr-posix/3.0.33/jnr-posix-3.0.33.jar:/Users/mac/.m2/repository/com/squareup/okhttp3/okhttp/3.14.4/okhttp-3.14.4.jar:/Users/mac/.m2/repository/com/squareup/okio/okio/1.17.2/okio-1.17.2.jar:/Users/mac/.m2/repository/com/squareup/okhttp3/logging-interceptor/3.14.4/logging-interceptor-3.14.4.jar:/Users/mac/.m2/repository/io/reactivex/rxjava/1.3.8/rxjava-1.3.8.jar:/Users/mac/.m2/repository/org/web3j/geth/3.4.0/geth-3.4.0.jar:/Users/mac/.m2/repository/org/web3j/web3j-spring-boot-starter/1.6.0/web3j-spring-boot-starter-1.6.0.jar:/Users/mac/.m2/repository/org/springframework/boot/spring-boot-autoconfigure/2.2.2.RELEASE/spring-boot-autoconfigure-2.2.2.RELEASE.jar:/Users/mac/.m2/repository/org/springframework/boot/spring-boot-actuator/2.2.2.RELEASE/spring-boot-actuator-2.2.2.RELEASE.jar:/Users/mac/.m2/repository/com/baomidou/mybatis-plus-boot-starter/3.3.1/mybatis-plus-boot-starter-3.3.1.jar:/Users/mac/.m2/repository/org/springframework/boot/spring-boot-starter-jdbc/2.2.2.RELEASE/spring-boot-starter-jdbc-2.2.2.RELEASE.jar:/Users/mac/.m2/repository/com/zaxxer/HikariCP/3.4.1/HikariCP-3.4.1.jar:/Users/mac/.m2/repository/org/springframework/spring-jdbc/5.2.2.RELEASE/spring-jdbc-5.2.2.RELEASE.jar:/Users/mac/.m2/repository/org/springframework/spring-tx/5.2.2.RELEASE/spring-tx-5.2.2.RELEASE.jar:/Users/mac/.m2/repository/com/baomidou/mybatis-plus/3.3.1/mybatis-plus-3.3.1.jar:/Users/mac/.m2/repository/com/baomidou/mybatis-plus-extension/3.3.1/mybatis-plus-extension-3.3.1.jar:/Users/mac/.m2/repository/com/baomidou/mybatis-plus-core/3.3.1/mybatis-plus-core-3.3.1.jar:/Users/mac/.m2/repository/com/baomidou/mybatis-plus-annotation/3.3.1/mybatis-plus-annotation-3.3.1.jar:/Users/mac/.m2/repository/com/github/jsqlparser/jsqlparser/3.1/jsqlparser-3.1.jar:/Users/mac/.m2/repository/org/mybatis/mybatis/3.5.3/mybatis-3.5.3.jar:/Users/mac/.m2/repository/org/mybatis/mybatis-spring/2.0.3/mybatis-spring-2.0.3.jar:/Users/mac/.m2/repository/mysql/mysql-connector-java/8.0.26/mysql-connector-java-8.0.26.jar:/Users/mac/.m2/repository/com/alibaba/druid-spring-boot-starter/1.1.21/druid-spring-boot-starter-1.1.21.jar:/Users/mac/.m2/repository/com/alibaba/druid/1.1.21/druid-1.1.21.jar:/Users/mac/.m2/repository/org/slf4j/slf4j-api/1.7.29/slf4j-api-1.7.29.jar:/Users/mac/.m2/repository/org/springframework/boot/spring-boot-configuration-processor/1.5.10.RELEASE/spring-boot-configuration-processor-1.5.10.RELEASE.jar:/Users/mac/.m2/repository/net/logstash/logback/logstash-logback-encoder/5.0/logstash-logback-encoder-5.0.jar:/Users/mac/.m2/repository/ch/qos/logback/logback-core/1.2.3/logback-core-1.2.3.jar:/Users/mac/.m2/repository/com/fasterxml/jackson/core/jackson-databind/2.10.1/jackson-databind-2.10.1.jar:/Users/mac/.m2/repository/com/fasterxml/jackson/core/jackson-annotations/2.10.1/jackson-annotations-2.10.1.jar:/Users/mac/.m2/repository/com/fasterxml/jackson/core/jackson-core/2.10.1/jackson-core-2.10.1.jar:/Users/mac/.m2/repository/org/projectlombok/lombok/1.18.22/lombok-1.18.22.jar:/Users/mac/.m2/repository/org/testng/testng/7.6.1/testng-7.6.1.jar:/Users/mac/.m2/repository/com/google/code/findbugs/jsr305/3.0.2/jsr305-3.0.2.jar:/Users/mac/.m2/repository/com/beust/jcommander/1.82/jcommander-1.82.jar:/Users/mac/.m2/repository/org/webjars/jquery/3.6.0/jquery-3.6.0.jar:/Users/mac/.m2/repository/junit/junit/4.13.2/junit-4.13.2.jar:/Users/mac/.m2/repository/org/hamcrest/hamcrest-core/2.1/hamcrest-core-2.1.jar:/Users/mac/.m2/repository/org/junit/jupiter/junit-jupiter/5.9.1/junit-jupiter-5.9.1.jar:/Users/mac/.m2/repository/org/junit/jupiter/junit-jupiter-api/5.5.2/junit-jupiter-api-5.5.2.jar:/Users/mac/.m2/repository/org/opentest4j/opentest4j/1.2.0/opentest4j-1.2.0.jar:/Users/mac/.m2/repository/org/junit/platform/junit-platform-commons/1.5.2/junit-platform-commons-1.5.2.jar:/Users/mac/.m2/repository/org/junit/jupiter/junit-jupiter-params/5.5.2/junit-jupiter-params-5.5.2.jar:/Users/mac/.m2/repository/org/junit/jupiter/junit-jupiter-engine/5.5.2/junit-jupiter-engine-5.5.2.jar:"/>
    <property name="https.proxyPort" value="10080"/>
    <property name="java.vm.vendor" value="Oracle Corporation"/>
    <property name="sun.arch.data.model" value="64"/>
    <property name="java.vendor.url" value="https://openjdk.java.net/"/>
    <property name="user.timezone" value=""/>
    <property name="java.vm.specification.version" value="11"/>
    <property name="os.name" value="Mac OS X"/>
    <property name="sun.java.launcher" value="SUN_STANDARD"/>
    <property name="user.country" value="CN"/>
    <property name="sun.boot.library.path" value="/Library/Java/JavaVirtualMachines/jdk-11.0.8.jdk/Contents/Home/lib"/>
    <property name="sun.java.command" value="/Users/mac/Downloads/ethereum-web3j-2/target/surefire/surefirebooter12651659801886645205.jar /Users/mac/Downloads/ethereum-web3j-2/target/surefire 2022-11-10T13-59-47_430-jvmRun1 surefire201548790900784607tmp surefire_03392267350371593457tmp"/>
    <property name="http.nonProxyHosts" value="local|*.local|169.254/16|*.169.254/16"/>
    <property name="jdk.debug" value="release"/>
    <property name="surefire.test.class.path" value="/Users/mac/Downloads/ethereum-web3j-2/target/test-classes:/Users/mac/Downloads/ethereum-web3j-2/target/classes:/Users/mac/.m2/repository/org/springframework/boot/spring-boot-starter-web/2.2.7.RELEASE/spring-boot-starter-web-2.2.7.RELEASE.jar:/Users/mac/.m2/repository/org/springframework/boot/spring-boot-starter/2.2.2.RELEASE/spring-boot-starter-2.2.2.RELEASE.jar:/Users/mac/.m2/repository/org/springframework/boot/spring-boot/2.2.2.RELEASE/spring-boot-2.2.2.RELEASE.jar:/Users/mac/.m2/repository/org/springframework/boot/spring-boot-starter-logging/2.2.2.RELEASE/spring-boot-starter-logging-2.2.2.RELEASE.jar:/Users/mac/.m2/repository/ch/qos/logback/logback-classic/1.2.3/logback-classic-1.2.3.jar:/Users/mac/.m2/repository/org/apache/logging/log4j/log4j-to-slf4j/2.12.1/log4j-to-slf4j-2.12.1.jar:/Users/mac/.m2/repository/org/apache/logging/log4j/log4j-api/2.12.1/log4j-api-2.12.1.jar:/Users/mac/.m2/repository/org/slf4j/jul-to-slf4j/1.7.29/jul-to-slf4j-1.7.29.jar:/Users/mac/.m2/repository/jakarta/annotation/jakarta.annotation-api/1.3.5/jakarta.annotation-api-1.3.5.jar:/Users/mac/.m2/repository/org/yaml/snakeyaml/1.25/snakeyaml-1.25.jar:/Users/mac/.m2/repository/org/springframework/boot/spring-boot-starter-json/2.2.2.RELEASE/spring-boot-starter-json-2.2.2.RELEASE.jar:/Users/mac/.m2/repository/com/fasterxml/jackson/datatype/jackson-datatype-jdk8/2.10.1/jackson-datatype-jdk8-2.10.1.jar:/Users/mac/.m2/repository/com/fasterxml/jackson/datatype/jackson-datatype-jsr310/2.10.1/jackson-datatype-jsr310-2.10.1.jar:/Users/mac/.m2/repository/com/fasterxml/jackson/module/jackson-module-parameter-names/2.10.1/jackson-module-parameter-names-2.10.1.jar:/Users/mac/.m2/repository/org/springframework/boot/spring-boot-starter-tomcat/2.2.2.RELEASE/spring-boot-starter-tomcat-2.2.2.RELEASE.jar:/Users/mac/.m2/repository/org/apache/tomcat/embed/tomcat-embed-core/9.0.29/tomcat-embed-core-9.0.29.jar:/Users/mac/.m2/repository/org/apache/tomcat/embed/tomcat-embed-el/9.0.29/tomcat-embed-el-9.0.29.jar:/Users/mac/.m2/repository/org/apache/tomcat/embed/tomcat-embed-websocket/9.0.29/tomcat-embed-websocket-9.0.29.jar:/Users/mac/.m2/repository/org/springframework/boot/spring-boot-starter-validation/2.2.2.RELEASE/spring-boot-starter-validation-2.2.2.RELEASE.jar:/Users/mac/.m2/repository/jakarta/validation/jakarta.validation-api/2.0.1/jakarta.validation-api-2.0.1.jar:/Users/mac/.m2/repository/org/hibernate/validator/hibernate-validator/6.0.18.Final/hibernate-validator-6.0.18.Final.jar:/Users/mac/.m2/repository/org/jboss/logging/jboss-logging/3.4.1.Final/jboss-logging-3.4.1.Final.jar:/Users/mac/.m2/repository/com/fasterxml/classmate/1.5.1/classmate-1.5.1.jar:/Users/mac/.m2/repository/org/springframework/spring-web/5.2.2.RELEASE/spring-web-5.2.2.RELEASE.jar:/Users/mac/.m2/repository/org/springframework/spring-beans/5.2.2.RELEASE/spring-beans-5.2.2.RELEASE.jar:/Users/mac/.m2/repository/org/springframework/spring-webmvc/5.2.2.RELEASE/spring-webmvc-5.2.2.RELEASE.jar:/Users/mac/.m2/repository/org/springframework/spring-aop/5.2.2.RELEASE/spring-aop-5.2.2.RELEASE.jar:/Users/mac/.m2/repository/org/springframework/spring-context/5.2.2.RELEASE/spring-context-5.2.2.RELEASE.jar:/Users/mac/.m2/repository/org/springframework/spring-expression/5.2.2.RELEASE/spring-expression-5.2.2.RELEASE.jar:/Users/mac/.m2/repository/org/springframework/boot/spring-boot-starter-test/2.2.7.RELEASE/spring-boot-starter-test-2.2.7.RELEASE.jar:/Users/mac/.m2/repository/org/springframework/boot/spring-boot-test/2.2.2.RELEASE/spring-boot-test-2.2.2.RELEASE.jar:/Users/mac/.m2/repository/org/springframework/boot/spring-boot-test-autoconfigure/2.2.2.RELEASE/spring-boot-test-autoconfigure-2.2.2.RELEASE.jar:/Users/mac/.m2/repository/com/jayway/jsonpath/json-path/2.4.0/json-path-2.4.0.jar:/Users/mac/.m2/repository/net/minidev/json-smart/2.3/json-smart-2.3.jar:/Users/mac/.m2/repository/net/minidev/accessors-smart/1.2/accessors-smart-1.2.jar:/Users/mac/.m2/repository/jakarta/xml/bind/jakarta.xml.bind-api/2.3.2/jakarta.xml.bind-api-2.3.2.jar:/Users/mac/.m2/repository/jakarta/activation/jakarta.activation-api/1.2.1/jakarta.activation-api-1.2.1.jar:/Users/mac/.m2/repository/org/junit/vintage/junit-vintage-engine/5.5.2/junit-vintage-engine-5.5.2.jar:/Users/mac/.m2/repository/org/apiguardian/apiguardian-api/1.1.0/apiguardian-api-1.1.0.jar:/Users/mac/.m2/repository/org/junit/platform/junit-platform-engine/1.5.2/junit-platform-engine-1.5.2.jar:/Users/mac/.m2/repository/org/mockito/mockito-junit-jupiter/3.1.0/mockito-junit-jupiter-3.1.0.jar:/Users/mac/.m2/repository/org/assertj/assertj-core/3.13.2/assertj-core-3.13.2.jar:/Users/mac/.m2/repository/org/hamcrest/hamcrest/2.1/hamcrest-2.1.jar:/Users/mac/.m2/repository/org/mockito/mockito-core/3.1.0/mockito-core-3.1.0.jar:/Users/mac/.m2/repository/net/bytebuddy/byte-buddy/1.10.4/byte-buddy-1.10.4.jar:/Users/mac/.m2/repository/net/bytebuddy/byte-buddy-agent/1.10.4/byte-buddy-agent-1.10.4.jar:/Users/mac/.m2/repository/org/objenesis/objenesis/2.6/objenesis-2.6.jar:/Users/mac/.m2/repository/org/skyscreamer/jsonassert/1.5.0/jsonassert-1.5.0.jar:/Users/mac/.m2/repository/com/vaadin/external/google/android-json/0.0.20131108.vaadin1/android-json-0.0.20131108.vaadin1.jar:/Users/mac/.m2/repository/org/springframework/spring-core/5.2.2.RELEASE/spring-core-5.2.2.RELEASE.jar:/Users/mac/.m2/repository/org/springframework/spring-jcl/5.2.2.RELEASE/spring-jcl-5.2.2.RELEASE.jar:/Users/mac/.m2/repository/org/springframework/spring-test/5.2.2.RELEASE/spring-test-5.2.2.RELEASE.jar:/Users/mac/.m2/repository/org/xmlunit/xmlunit-core/2.6.3/xmlunit-core-2.6.3.jar:/Users/mac/.m2/repository/org/web3j/core/3.4.0/core-3.4.0.jar:/Users/mac/.m2/repository/org/web3j/abi/3.4.0/abi-3.4.0.jar:/Users/mac/.m2/repository/org/web3j/utils/3.4.0/utils-3.4.0.jar:/Users/mac/.m2/repository/org/bouncycastle/bcprov-jdk15on/1.54/bcprov-jdk15on-1.54.jar:/Users/mac/.m2/repository/org/web3j/crypto/3.4.0/crypto-3.4.0.jar:/Users/mac/.m2/repository/org/web3j/rlp/3.4.0/rlp-3.4.0.jar:/Users/mac/.m2/repository/org/web3j/tuples/3.4.0/tuples-3.4.0.jar:/Users/mac/.m2/repository/com/github/jnr/jnr-unixsocket/0.15/jnr-unixsocket-0.15.jar:/Users/mac/.m2/repository/com/github/jnr/jnr-ffi/2.1.2/jnr-ffi-2.1.2.jar:/Users/mac/.m2/repository/com/github/jnr/jffi/1.2.14/jffi-1.2.14.jar:/Users/mac/.m2/repository/com/github/jnr/jffi/1.2.14/jffi-1.2.14-native.jar:/Users/mac/.m2/repository/org/ow2/asm/asm/5.0.3/asm-5.0.3.jar:/Users/mac/.m2/repository/org/ow2/asm/asm-commons/5.0.3/asm-commons-5.0.3.jar:/Users/mac/.m2/repository/org/ow2/asm/asm-analysis/5.0.3/asm-analysis-5.0.3.jar:/Users/mac/.m2/repository/org/ow2/asm/asm-tree/5.0.3/asm-tree-5.0.3.jar:/Users/mac/.m2/repository/org/ow2/asm/asm-util/5.0.3/asm-util-5.0.3.jar:/Users/mac/.m2/repository/com/github/jnr/jnr-x86asm/1.0.2/jnr-x86asm-1.0.2.jar:/Users/mac/.m2/repository/com/github/jnr/jnr-constants/0.9.6/jnr-constants-0.9.6.jar:/Users/mac/.m2/repository/com/github/jnr/jnr-enxio/0.14/jnr-enxio-0.14.jar:/Users/mac/.m2/repository/com/github/jnr/jnr-posix/3.0.33/jnr-posix-3.0.33.jar:/Users/mac/.m2/repository/com/squareup/okhttp3/okhttp/3.14.4/okhttp-3.14.4.jar:/Users/mac/.m2/repository/com/squareup/okio/okio/1.17.2/okio-1.17.2.jar:/Users/mac/.m2/repository/com/squareup/okhttp3/logging-interceptor/3.14.4/logging-interceptor-3.14.4.jar:/Users/mac/.m2/repository/io/reactivex/rxjava/1.3.8/rxjava-1.3.8.jar:/Users/mac/.m2/repository/org/web3j/geth/3.4.0/geth-3.4.0.jar:/Users/mac/.m2/repository/org/web3j/web3j-spring-boot-starter/1.6.0/web3j-spring-boot-starter-1.6.0.jar:/Users/mac/.m2/repository/org/springframework/boot/spring-boot-autoconfigure/2.2.2.RELEASE/spring-boot-autoconfigure-2.2.2.RELEASE.jar:/Users/mac/.m2/repository/org/springframework/boot/spring-boot-actuator/2.2.2.RELEASE/spring-boot-actuator-2.2.2.RELEASE.jar:/Users/mac/.m2/repository/com/baomidou/mybatis-plus-boot-starter/3.3.1/mybatis-plus-boot-starter-3.3.1.jar:/Users/mac/.m2/repository/org/springframework/boot/spring-boot-starter-jdbc/2.2.2.RELEASE/spring-boot-starter-jdbc-2.2.2.RELEASE.jar:/Users/mac/.m2/repository/com/zaxxer/HikariCP/3.4.1/HikariCP-3.4.1.jar:/Users/mac/.m2/repository/org/springframework/spring-jdbc/5.2.2.RELEASE/spring-jdbc-5.2.2.RELEASE.jar:/Users/mac/.m2/repository/org/springframework/spring-tx/5.2.2.RELEASE/spring-tx-5.2.2.RELEASE.jar:/Users/mac/.m2/repository/com/baomidou/mybatis-plus/3.3.1/mybatis-plus-3.3.1.jar:/Users/mac/.m2/repository/com/baomidou/mybatis-plus-extension/3.3.1/mybatis-plus-extension-3.3.1.jar:/Users/mac/.m2/repository/com/baomidou/mybatis-plus-core/3.3.1/mybatis-plus-core-3.3.1.jar:/Users/mac/.m2/repository/com/baomidou/mybatis-plus-annotation/3.3.1/mybatis-plus-annotation-3.3.1.jar:/Users/mac/.m2/repository/com/github/jsqlparser/jsqlparser/3.1/jsqlparser-3.1.jar:/Users/mac/.m2/repository/org/mybatis/mybatis/3.5.3/mybatis-3.5.3.jar:/Users/mac/.m2/repository/org/mybatis/mybatis-spring/2.0.3/mybatis-spring-2.0.3.jar:/Users/mac/.m2/repository/mysql/mysql-connector-java/8.0.26/mysql-connector-java-8.0.26.jar:/Users/mac/.m2/repository/com/alibaba/druid-spring-boot-starter/1.1.21/druid-spring-boot-starter-1.1.21.jar:/Users/mac/.m2/repository/com/alibaba/druid/1.1.21/druid-1.1.21.jar:/Users/mac/.m2/repository/org/slf4j/slf4j-api/1.7.29/slf4j-api-1.7.29.jar:/Users/mac/.m2/repository/org/springframework/boot/spring-boot-configuration-processor/1.5.10.RELEASE/spring-boot-configuration-processor-1.5.10.RELEASE.jar:/Users/mac/.m2/repository/net/logstash/logback/logstash-logback-encoder/5.0/logstash-logback-encoder-5.0.jar:/Users/mac/.m2/repository/ch/qos/logback/logback-core/1.2.3/logback-core-1.2.3.jar:/Users/mac/.m2/repository/com/fasterxml/jackson/core/jackson-databind/2.10.1/jackson-databind-2.10.1.jar:/Users/mac/.m2/repository/com/fasterxml/jackson/core/jackson-annotations/2.10.1/jackson-annotations-2.10.1.jar:/Users/mac/.m2/repository/com/fasterxml/jackson/core/jackson-core/2.10.1/jackson-core-2.10.1.jar:/Users/mac/.m2/repository/org/projectlombok/lombok/1.18.22/lombok-1.18.22.jar:/Users/mac/.m2/repository/org/testng/testng/7.6.1/testng-7.6.1.jar:/Users/mac/.m2/repository/com/google/code/findbugs/jsr305/3.0.2/jsr305-3.0.2.jar:/Users/mac/.m2/repository/com/beust/jcommander/1.82/jcommander-1.82.jar:/Users/mac/.m2/repository/org/webjars/jquery/3.6.0/jquery-3.6.0.jar:/Users/mac/.m2/repository/junit/junit/4.13.2/junit-4.13.2.jar:/Users/mac/.m2/repository/org/hamcrest/hamcrest-core/2.1/hamcrest-core-2.1.jar:/Users/mac/.m2/repository/org/junit/jupiter/junit-jupiter/5.9.1/junit-jupiter-5.9.1.jar:/Users/mac/.m2/repository/org/junit/jupiter/junit-jupiter-api/5.5.2/junit-jupiter-api-5.5.2.jar:/Users/mac/.m2/repository/org/opentest4j/opentest4j/1.2.0/opentest4j-1.2.0.jar:/Users/mac/.m2/repository/org/junit/platform/junit-platform-commons/1.5.2/junit-platform-commons-1.5.2.jar:/Users/mac/.m2/repository/org/junit/jupiter/junit-jupiter-params/5.5.2/junit-jupiter-params-5.5.2.jar:/Users/mac/.m2/repository/org/junit/jupiter/junit-jupiter-engine/5.5.2/junit-jupiter-engine-5.5.2.jar:"/>
    <property name="sun.cpu.endian" value="little"/>
    <property name="user.home" value="/Users/mac"/>
    <property name="user.language" value="zh"/>
    <property name="java.specification.vendor" value="Oracle Corporation"/>
    <property name="java.version.date" value="2020-07-14"/>
    <property name="java.home" value="/Library/Java/JavaVirtualMachines/jdk-11.0.8.jdk/Contents/Home"/>
    <property name="file.separator" value="/"/>
    <property name="https.proxyHost" value="127.0.0.1"/>
    <property name="basedir" value="/Users/mac/Downloads/ethereum-web3j-2"/>
    <property name="java.vm.compressedOopsMode" value="Zero based"/>
    <property name="line.separator" value="&#10;"/>
    <property name="java.specification.name" value="Java Platform API Specification"/>
    <property name="java.vm.specification.vendor" value="Oracle Corporation"/>
    <property name="java.awt.graphicsenv" value="sun.awt.CGraphicsEnvironment"/>
    <property name="surefire.real.class.path" value="/Users/mac/Downloads/ethereum-web3j-2/target/surefire/surefirebooter12651659801886645205.jar"/>
    <property name="user.script" value="Hans"/>
    <property name="sun.management.compiler" value="HotSpot 64-Bit Tiered Compilers"/>
    <property name="ftp.nonProxyHosts" value="local|*.local|169.254/16|*.169.254/16"/>
    <property name="java.runtime.version" value="11.0.8+10-LTS"/>
    <property name="user.name" value="mac"/>
    <property name="path.separator" value=":"/>
    <property name="os.version" value="10.16"/>
    <property name="java.runtime.name" value="Java(TM) SE Runtime Environment"/>
    <property name="file.encoding" value="UTF-8"/>
    <property name="java.vm.name" value="Java HotSpot(TM) 64-Bit Server VM"/>
    <property name="java.vendor.version" value="18.9"/>
    <property name="localRepository" value="/Users/mac/.m2/repository"/>
    <property name="java.vendor.url.bug" value="https://bugreport.java.com/bugreport/"/>
    <property name="java.io.tmpdir" value="/var/folders/bf/z3nxz5v5597_n1r4t3xg_cq80000gn/T/"/>
    <property name="idea.version" value="2022.1"/>
    <property name="java.version" value="11.0.8"/>
    <property name="user.dir" value="/Users/mac/Downloads/ethereum-web3j-2"/>
    <property name="os.arch" value="x86_64"/>
    <property name="socksProxyPort" value="10080"/>
    <property name="java.vm.specification.name" value="Java Virtual Machine Specification"/>
    <property name="java.awt.printerjob" value="sun.lwawt.macosx.CPrinterJob"/>
    <property name="sun.os.patch.level" value="unknown"/>
    <property name="java.library.path" value="/Users/mac/Library/Java/Extensions:/Library/Java/Extensions:/Network/Library/Java/Extensions:/System/Library/Java/Extensions:/usr/lib/java:."/>
    <property name="java.vendor" value="Oracle Corporation"/>
    <property name="java.vm.info" value="mixed mode"/>
    <property name="java.vm.version" value="11.0.8+10-LTS"/>
    <property name="sun.io.unicode.encoding" value="UnicodeBig"/>
    <property name="maven.repo.local" value="/Users/mac/.m2/repository"/>
    <property name="java.class.version" value="55.0"/>
    <property name="socksNonProxyHosts" value="local|*.local|169.254/16|*.169.254/16"/>
    <property name="http.proxyPort" value="10080"/>
  </properties>
  <testcase name="testGetApproval on testGetApproval(com.NFT.modules.spring.EventTest)" classname="com.NFT.modules.spring.EventTest" time="0.014">
    <failure message="Failed to load ApplicationContext" type="java.lang.IllegalStateException">java.lang.IllegalStateException: Failed to load ApplicationContext
Caused by: java.lang.IllegalStateException: Could not initialize Logback logging from classpath:logback-spring.xml
Caused by: ch.qos.logback.core.joran.spi.JoranException: Problem parsing XML document. See previously reported errors.
Caused by: org.xml.sax.SAXParseException: 文档中根元素前面的标记必须格式正确。
</failure>
    <system-out><![CDATA[13:59:52.057 [main] DEBUG org.springframework.test.context.junit4.SpringJUnit4ClassRunner - SpringJUnit4ClassRunner constructor called with [class com.NFT.modules.spring.EventTest]
13:59:52.061 [main] DEBUG org.springframework.test.context.BootstrapUtils - Instantiating CacheAwareContextLoaderDelegate from class [org.springframework.test.context.cache.DefaultCacheAwareContextLoaderDelegate]
13:59:52.067 [main] DEBUG org.springframework.test.context.BootstrapUtils - Instantiating BootstrapContext using constructor [public org.springframework.test.context.support.DefaultBootstrapContext(java.lang.Class,org.springframework.test.context.CacheAwareContextLoaderDelegate)]
13:59:52.095 [main] DEBUG org.springframework.test.context.BootstrapUtils - Instantiating TestContextBootstrapper for test class [com.NFT.modules.spring.EventTest] from class [org.springframework.boot.test.context.SpringBootTestContextBootstrapper]
13:59:52.113 [main] INFO org.springframework.boot.test.context.SpringBootTestContextBootstrapper - Neither @ContextConfiguration nor @ContextHierarchy found for test class [com.NFT.modules.spring.EventTest], using SpringBootContextLoader
13:59:52.118 [main] DEBUG org.springframework.test.context.support.AbstractContextLoader - Did not detect default resource location for test class [com.NFT.modules.spring.EventTest]: class path resource [com/NFT/modules/spring/EventTest-context.xml] does not exist
13:59:52.118 [main] DEBUG org.springframework.test.context.support.AbstractContextLoader - Did not detect default resource location for test class [com.NFT.modules.spring.EventTest]: class path resource [com/NFT/modules/spring/EventTestContext.groovy] does not exist
13:59:52.119 [main] INFO org.springframework.test.context.support.AbstractContextLoader - Could not detect default resource locations for test class [com.NFT.modules.spring.EventTest]: no resource found for suffixes {-context.xml, Context.groovy}.
13:59:52.120 [main] INFO org.springframework.test.context.support.AnnotationConfigContextLoaderUtils - Could not detect default configuration classes for test class [com.NFT.modules.spring.EventTest]: EventTest does not declare any static, non-private, non-final, nested classes annotated with @Configuration.
13:59:52.162 [main] DEBUG org.springframework.test.context.support.ActiveProfilesUtils - Could not find an 'annotation declaring class' for annotation type [org.springframework.test.context.ActiveProfiles] and class [com.NFT.modules.spring.EventTest]
13:59:52.233 [main] DEBUG org.springframework.context.annotation.ClassPathScanningCandidateComponentProvider - Identified candidate component class: file [/Users/mac/Downloads/ethereum-web3j-2/target/classes/com/NFT/modules/spring/App.class]
13:59:52.235 [main] INFO org.springframework.boot.test.context.SpringBootTestContextBootstrapper - Found @SpringBootConfiguration com.NFT.modules.spring.App for test class com.NFT.modules.spring.EventTest
13:59:52.334 [main] DEBUG org.springframework.boot.test.context.SpringBootTestContextBootstrapper - @TestExecutionListeners is not present for class [com.NFT.modules.spring.EventTest]: using defaults.
13:59:52.335 [main] INFO org.springframework.boot.test.context.SpringBootTestContextBootstrapper - Loaded default TestExecutionListener class names from location [META-INF/spring.factories]: [org.springframework.boot.test.mock.mockito.MockitoTestExecutionListener, org.springframework.boot.test.mock.mockito.ResetMocksTestExecutionListener, org.springframework.boot.test.autoconfigure.restdocs.RestDocsTestExecutionListener, org.springframework.boot.test.autoconfigure.web.client.MockRestServiceServerResetTestExecutionListener, org.springframework.boot.test.autoconfigure.web.servlet.MockMvcPrintOnlyOnFailureTestExecutionListener, org.springframework.boot.test.autoconfigure.web.servlet.WebDriverTestExecutionListener, org.springframework.test.context.web.ServletTestExecutionListener, org.springframework.test.context.support.DirtiesContextBeforeModesTestExecutionListener, org.springframework.test.context.support.DependencyInjectionTestExecutionListener, org.springframework.test.context.support.DirtiesContextTestExecutionListener, org.springframework.test.context.transaction.TransactionalTestExecutionListener, org.springframework.test.context.jdbc.SqlScriptsTestExecutionListener, org.springframework.test.context.event.EventPublishingTestExecutionListener]
13:59:52.355 [main] INFO org.springframework.boot.test.context.SpringBootTestContextBootstrapper - Using TestExecutionListeners: [org.springframework.test.context.web.ServletTestExecutionListener@5b408dc3, org.springframework.test.context.support.DirtiesContextBeforeModesTestExecutionListener@4d098f9b, org.springframework.boot.test.mock.mockito.MockitoTestExecutionListener@2dbf4cbd, org.springframework.boot.test.autoconfigure.SpringBootDependencyInjectionTestExecutionListener@20b5f2ac, org.springframework.test.context.support.DirtiesContextTestExecutionListener@7fc44dec, org.springframework.test.context.transaction.TransactionalTestExecutionListener@7e3060d8, org.springframework.test.context.jdbc.SqlScriptsTestExecutionListener@293d0107, org.springframework.test.context.event.EventPublishingTestExecutionListener@2692b61e, org.springframework.boot.test.mock.mockito.ResetMocksTestExecutionListener@7b64240d, org.springframework.boot.test.autoconfigure.restdocs.RestDocsTestExecutionListener@62fad19, org.springframework.boot.test.autoconfigure.web.client.MockRestServiceServerResetTestExecutionListener@47dbb1e2, org.springframework.boot.test.autoconfigure.web.servlet.MockMvcPrintOnlyOnFailureTestExecutionListener@74cadd41, org.springframework.boot.test.autoconfigure.web.servlet.WebDriverTestExecutionListener@2e54db99]
13:59:52.358 [main] DEBUG org.springframework.test.annotation.ProfileValueUtils - Retrieved @ProfileValueSourceConfiguration [null] for test class [com.NFT.modules.spring.EventTest]
13:59:52.359 [main] DEBUG org.springframework.test.annotation.ProfileValueUtils - Retrieved ProfileValueSource type [class org.springframework.test.annotation.SystemProfileValueSource] for class [com.NFT.modules.spring.EventTest]
13:59:52.361 [main] DEBUG org.springframework.test.annotation.ProfileValueUtils - Retrieved @ProfileValueSourceConfiguration [null] for test class [com.NFT.modules.spring.EventTest]
13:59:52.361 [main] DEBUG org.springframework.test.annotation.ProfileValueUtils - Retrieved ProfileValueSource type [class org.springframework.test.annotation.SystemProfileValueSource] for class [com.NFT.modules.spring.EventTest]
13:59:52.381 [main] DEBUG org.springframework.test.annotation.ProfileValueUtils - Retrieved @ProfileValueSourceConfiguration [null] for test class [com.NFT.modules.spring.EventTest]
13:59:52.381 [main] DEBUG org.springframework.test.annotation.ProfileValueUtils - Retrieved ProfileValueSource type [class org.springframework.test.annotation.SystemProfileValueSource] for class [com.NFT.modules.spring.EventTest]
13:59:52.382 [main] DEBUG org.springframework.test.annotation.ProfileValueUtils - Retrieved @ProfileValueSourceConfiguration [null] for test class [com.NFT.modules.spring.EventTest]
13:59:52.382 [main] DEBUG org.springframework.test.annotation.ProfileValueUtils - Retrieved ProfileValueSource type [class org.springframework.test.annotation.SystemProfileValueSource] for class [com.NFT.modules.spring.EventTest]
13:59:52.383 [main] DEBUG org.springframework.test.annotation.ProfileValueUtils - Retrieved @ProfileValueSourceConfiguration [null] for test class [com.NFT.modules.spring.EventTest]
13:59:52.383 [main] DEBUG org.springframework.test.annotation.ProfileValueUtils - Retrieved ProfileValueSource type [class org.springframework.test.annotation.SystemProfileValueSource] for class [com.NFT.modules.spring.EventTest]
13:59:52.388 [main] DEBUG org.springframework.test.context.support.AbstractDirtiesContextTestExecutionListener - Before test class: context [DefaultTestContext@7c7d3c46 testClass = EventTest, testInstance = [null], testMethod = [null], testException = [null], mergedContextConfiguration = [WebMergedContextConfiguration@24fb6a80 testClass = EventTest, locations = '{}', classes = '{class com.NFT.modules.spring.App}', contextInitializerClasses = '[]', activeProfiles = '{}', propertySourceLocations = '{}', propertySourceProperties = '{org.springframework.boot.test.context.SpringBootTestContextBootstrapper=true}', contextCustomizers = set[org.springframework.boot.test.context.filter.ExcludeFilterContextCustomizer@4c1f22f3, org.springframework.boot.test.json.DuplicateJsonObjectContextCustomizerFactory$DuplicateJsonObjectContextCustomizer@7ae42ce3, org.springframework.boot.test.mock.mockito.MockitoContextCustomizer@0, org.springframework.boot.test.web.client.TestRestTemplateContextCustomizer@ab7395e, org.springframework.boot.test.autoconfigure.properties.PropertyMappingContextCustomizer@0, org.springframework.boot.test.autoconfigure.web.servlet.WebDriverContextCustomizerFactory$Customizer@19e4fcac], resourceBasePath = 'src/main/webapp', contextLoader = 'org.springframework.boot.test.context.SpringBootContextLoader', parent = [null]], attributes = map['org.springframework.test.context.web.ServletTestExecutionListener.activateListener' -> true]], class annotated with @DirtiesContext [false] with mode [null].
13:59:52.390 [main] DEBUG org.springframework.test.annotation.ProfileValueUtils - Retrieved @ProfileValueSourceConfiguration [null] for test class [com.NFT.modules.spring.EventTest]
13:59:52.390 [main] DEBUG org.springframework.test.annotation.ProfileValueUtils - Retrieved ProfileValueSource type [class org.springframework.test.annotation.SystemProfileValueSource] for class [com.NFT.modules.spring.EventTest]
13:59:52.412 [main] DEBUG org.springframework.test.context.support.TestPropertySourceUtils - Adding inlined properties to environment: {spring.jmx.enabled=false, org.springframework.boot.test.context.SpringBootTestContextBootstrapper=true, server.port=-1}
]]></system-out>
  </testcase>
  <testcase name="testGetTokenId on testGetTokenId(com.NFT.modules.spring.EventTest)" classname="com.NFT.modules.spring.EventTest" time="0">
    <failure message="Failed to load ApplicationContext" type="java.lang.IllegalStateException">java.lang.IllegalStateException: Failed to load ApplicationContext
Caused by: java.lang.IllegalStateException: Could not initialize Logback logging from classpath:logback-spring.xml
Caused by: ch.qos.logback.core.joran.spi.JoranException: Problem parsing XML document. See previously reported errors.
Caused by: org.xml.sax.SAXParseException: 文档中根元素前面的标记必须格式正确。
</failure>
  </testcase>
  <testcase name="testEtheGetlogs on testEtheGetlogs(com.NFT.modules.spring.EventTest)" classname="com.NFT.modules.spring.EventTest" time="0">
    <failure message="Failed to load ApplicationContext" type="java.lang.IllegalStateException">java.lang.IllegalStateException: Failed to load ApplicationContext
Caused by: java.lang.IllegalStateException: Could not initialize Logback logging from classpath:logback-spring.xml
Caused by: ch.qos.logback.core.joran.spi.JoranException: Problem parsing XML document. See previously reported errors.
Caused by: org.xml.sax.SAXParseException: 文档中根元素前面的标记必须格式正确。
</failure>
  </testcase>
  <testcase name="TestTransactionReceipt on TestTransactionReceipt(com.NFT.modules.spring.EventTest)" classname="com.NFT.modules.spring.EventTest" time="0.001">
    <failure message="Failed to load ApplicationContext" type="java.lang.IllegalStateException">java.lang.IllegalStateException: Failed to load ApplicationContext
Caused by: java.lang.IllegalStateException: Could not initialize Logback logging from classpath:logback-spring.xml
Caused by: ch.qos.logback.core.joran.spi.JoranException: Problem parsing XML document. See previously reported errors.
Caused by: org.xml.sax.SAXParseException: 文档中根元素前面的标记必须格式正确。
</failure>
  </testcase>
  <testcase name="getTransactionReceipt on getTransactionReceipt(com.NFT.modules.spring.EventTest)" classname="com.NFT.modules.spring.EventTest" time="0.001">
    <failure message="Failed to load ApplicationContext" type="java.lang.IllegalStateException">java.lang.IllegalStateException: Failed to load ApplicationContext
Caused by: java.lang.IllegalStateException: Could not initialize Logback logging from classpath:logback-spring.xml
Caused by: ch.qos.logback.core.joran.spi.JoranException: Problem parsing XML document. See previously reported errors.
Caused by: org.xml.sax.SAXParseException: 文档中根元素前面的标记必须格式正确。
</failure>
  </testcase>
  <testcase name="testQueryTotalNFT on testQueryTotalNFT(com.NFT.modules.spring.QueryTest)" classname="com.NFT.modules.spring.QueryTest" time="0">
    <failure message="Failed to load ApplicationContext" type="java.lang.IllegalStateException">java.lang.IllegalStateException: Failed to load ApplicationContext
Caused by: java.lang.IllegalStateException: Could not initialize Logback logging from classpath:logback-spring.xml
Caused by: ch.qos.logback.core.joran.spi.JoranException: Problem parsing XML document. See previously reported errors.
Caused by: org.xml.sax.SAXParseException: 文档中根元素前面的标记必须格式正确。
</failure>
  </testcase>
  <testcase name="testGetInitailSupply on testGetInitailSupply(com.NFT.modules.spring.QueryTest)" classname="com.NFT.modules.spring.QueryTest" time="0">
    <failure message="Failed to load ApplicationContext" type="java.lang.IllegalStateException">java.lang.IllegalStateException: Failed to load ApplicationContext
Caused by: java.lang.IllegalStateException: Could not initialize Logback logging from classpath:logback-spring.xml
Caused by: ch.qos.logback.core.joran.spi.JoranException: Problem parsing XML document. See previously reported errors.
Caused by: org.xml.sax.SAXParseException: 文档中根元素前面的标记必须格式正确。
</failure>
  </testcase>
  <testcase name="testGetAllowance on testGetAllowance(com.NFT.modules.spring.QueryTest)" classname="com.NFT.modules.spring.QueryTest" time="0">
    <failure message="Failed to load ApplicationContext" type="java.lang.IllegalStateException">java.lang.IllegalStateException: Failed to load ApplicationContext
Caused by: java.lang.IllegalStateException: Could not initialize Logback logging from classpath:logback-spring.xml
Caused by: ch.qos.logback.core.joran.spi.JoranException: Problem parsing XML document. See previously reported errors.
Caused by: org.xml.sax.SAXParseException: 文档中根元素前面的标记必须格式正确。
</failure>
  </testcase>
  <testcase name="testGetPersonalBalance on testGetPersonalBalance(com.NFT.modules.spring.QueryTest)" classname="com.NFT.modules.spring.QueryTest" time="0.001">
    <failure message="Failed to load ApplicationContext" type="java.lang.IllegalStateException">java.lang.IllegalStateException: Failed to load ApplicationContext
Caused by: java.lang.IllegalStateException: Could not initialize Logback logging from classpath:logback-spring.xml
Caused by: ch.qos.logback.core.joran.spi.JoranException: Problem parsing XML document. See previously reported errors.
Caused by: org.xml.sax.SAXParseException: 文档中根元素前面的标记必须格式正确。
</failure>
  </testcase>
  <testcase name="TestJSONPRC on TestJSONPRC(com.NFT.modules.spring.JSONRPCTest)" classname="com.NFT.modules.spring.JSONRPCTest" time="0">
    <failure message="Failed to load ApplicationContext" type="java.lang.IllegalStateException">java.lang.IllegalStateException: Failed to load ApplicationContext
Caused by: java.lang.IllegalStateException: Could not initialize Logback logging from classpath:logback-spring.xml
Caused by: ch.qos.logback.core.joran.spi.JoranException: Problem parsing XML document. See previously reported errors.
Caused by: org.xml.sax.SAXParseException: 文档中根元素前面的标记必须格式正确。
</failure>
  </testcase>
  <testcase name="TestTransfer on TestTransfer(com.NFT.modules.spring.ERC20TransactionTest)" classname="com.NFT.modules.spring.ERC20TransactionTest" time="0">
    <failure message="Failed to load ApplicationContext" type="java.lang.IllegalStateException">java.lang.IllegalStateException: Failed to load ApplicationContext
Caused by: java.lang.IllegalStateException: Could not initialize Logback logging from classpath:logback-spring.xml
Caused by: ch.qos.logback.core.joran.spi.JoranException: Problem parsing XML document. See previously reported errors.
Caused by: org.xml.sax.SAXParseException: 文档中根元素前面的标记必须格式正确。
</failure>
  </testcase>
  <testcase name="TestTransferFrom on TestTransferFrom(com.NFT.modules.spring.ERC20TransactionTest)" classname="com.NFT.modules.spring.ERC20TransactionTest" time="0">
    <failure message="Failed to load ApplicationContext" type="java.lang.IllegalStateException">java.lang.IllegalStateException: Failed to load ApplicationContext
Caused by: java.lang.IllegalStateException: Could not initialize Logback logging from classpath:logback-spring.xml
Caused by: ch.qos.logback.core.joran.spi.JoranException: Problem parsing XML document. See previously reported errors.
Caused by: org.xml.sax.SAXParseException: 文档中根元素前面的标记必须格式正确。
</failure>
  </testcase>
  <testcase name="TestApproval on TestApproval(com.NFT.modules.spring.ERC20TransactionTest)" classname="com.NFT.modules.spring.ERC20TransactionTest" time="0">
    <failure message="Failed to load ApplicationContext" type="java.lang.IllegalStateException">java.lang.IllegalStateException: Failed to load ApplicationContext
Caused by: java.lang.IllegalStateException: Could not initialize Logback logging from classpath:logback-spring.xml
Caused by: ch.qos.logback.core.joran.spi.JoranException: Problem parsing XML document. See previously reported errors.
Caused by: org.xml.sax.SAXParseException: 文档中根元素前面的标记必须格式正确。
</failure>
  </testcase>
  <testcase name="TestERC20contractService on TestERC20contractService(com.NFT.modules.spring.TokenTransactionTest)" classname="com.NFT.modules.spring.TokenTransactionTest" time="0">
    <failure message="Failed to load ApplicationContext" type="java.lang.IllegalStateException">java.lang.IllegalStateException: Failed to load ApplicationContext
Caused by: java.lang.IllegalStateException: Could not initialize Logback logging from classpath:logback-spring.xml
Caused by: ch.qos.logback.core.joran.spi.JoranException: Problem parsing XML document. See previously reported errors.
Caused by: org.xml.sax.SAXParseException: 文档中根元素前面的标记必须格式正确。
</failure>
  </testcase>
  <testcase name="TestGetTransactionReceipt on TestGetTransactionReceipt(com.NFT.modules.spring.TokenTransactionTest)" classname="com.NFT.modules.spring.TokenTransactionTest" time="0">
    <failure message="Failed to load ApplicationContext" type="java.lang.IllegalStateException">java.lang.IllegalStateException: Failed to load ApplicationContext
Caused by: java.lang.IllegalStateException: Could not initialize Logback logging from classpath:logback-spring.xml
Caused by: ch.qos.logback.core.joran.spi.JoranException: Problem parsing XML document. See previously reported errors.
Caused by: org.xml.sax.SAXParseException: 文档中根元素前面的标记必须格式正确。
</failure>
  </testcase>
  <testcase name="TestMintTokenService on TestMintTokenService(com.NFT.modules.spring.TokenTransactionTest)" classname="com.NFT.modules.spring.TokenTransactionTest" time="0">
    <failure message="Failed to load ApplicationContext" type="java.lang.IllegalStateException">java.lang.IllegalStateException: Failed to load ApplicationContext
Caused by: java.lang.IllegalStateException: Could not initialize Logback logging from classpath:logback-spring.xml
Caused by: ch.qos.logback.core.joran.spi.JoranException: Problem parsing XML document. See previously reported errors.
Caused by: org.xml.sax.SAXParseException: 文档中根元素前面的标记必须格式正确。
</failure>
  </testcase>
  <testcase name="TestAsyncGetTransactionReceipt on TestAsyncGetTransactionReceipt(com.NFT.modules.spring.TokenTransactionTest)" classname="com.NFT.modules.spring.TokenTransactionTest" time="0.001">
    <failure message="Failed to load ApplicationContext" type="java.lang.IllegalStateException">java.lang.IllegalStateException: Failed to load ApplicationContext
Caused by: java.lang.IllegalStateException: Could not initialize Logback logging from classpath:logback-spring.xml
Caused by: ch.qos.logback.core.joran.spi.JoranException: Problem parsing XML document. See previously reported errors.
Caused by: org.xml.sax.SAXParseException: 文档中根元素前面的标记必须格式正确。
</failure>
  </testcase>
  <testcase name="TestGetBlockNumber on TestGetBlockNumber(com.NFT.modules.spring.TokenTransactionTest)" classname="com.NFT.modules.spring.TokenTransactionTest" time="0">
    <failure message="Failed to load ApplicationContext" type="java.lang.IllegalStateException">java.lang.IllegalStateException: Failed to load ApplicationContext
Caused by: java.lang.IllegalStateException: Could not initialize Logback logging from classpath:logback-spring.xml
Caused by: ch.qos.logback.core.joran.spi.JoranException: Problem parsing XML document. See previously reported errors.
Caused by: org.xml.sax.SAXParseException: 文档中根元素前面的标记必须格式正确。
</failure>
  </testcase>
  <testcase name="TestGetBlockTime on TestGetBlockTime(com.NFT.modules.spring.TokenTransactionTest)" classname="com.NFT.modules.spring.TokenTransactionTest" time="0">
    <failure message="Failed to load ApplicationContext" type="java.lang.IllegalStateException">java.lang.IllegalStateException: Failed to load ApplicationContext
Caused by: java.lang.IllegalStateException: Could not initialize Logback logging from classpath:logback-spring.xml
Caused by: ch.qos.logback.core.joran.spi.JoranException: Problem parsing XML document. See previously reported errors.
Caused by: org.xml.sax.SAXParseException: 文档中根元素前面的标记必须格式正确。
</failure>
  </testcase>
  <testcase name="TestConvertData on TestConvertData(com.NFT.modules.spring.TokenTransactionTest)" classname="com.NFT.modules.spring.TokenTransactionTest" time="0.001">
    <failure message="Failed to load ApplicationContext" type="java.lang.IllegalStateException">java.lang.IllegalStateException: Failed to load ApplicationContext
Caused by: java.lang.IllegalStateException: Could not initialize Logback logging from classpath:logback-spring.xml
Caused by: ch.qos.logback.core.joran.spi.JoranException: Problem parsing XML document. See previously reported errors.
Caused by: org.xml.sax.SAXParseException: 文档中根元素前面的标记必须格式正确。
</failure>
  </testcase>
  <testcase name="TestTokenApproval on TestTokenApproval(com.NFT.modules.spring.TokenTransactionTest)" classname="com.NFT.modules.spring.TokenTransactionTest" time="0">
    <failure message="Failed to load ApplicationContext" type="java.lang.IllegalStateException">java.lang.IllegalStateException: Failed to load ApplicationContext
Caused by: java.lang.IllegalStateException: Could not initialize Logback logging from classpath:logback-spring.xml
Caused by: ch.qos.logback.core.joran.spi.JoranException: Problem parsing XML document. See previously reported errors.
Caused by: org.xml.sax.SAXParseException: 文档中根元素前面的标记必须格式正确。
</failure>
  </testcase>
  <testcase name="TestERC721contractService on TestERC721contractService(com.NFT.modules.spring.TokenTransactionTest)" classname="com.NFT.modules.spring.TokenTransactionTest" time="0">
    <failure message="Failed to load ApplicationContext" type="java.lang.IllegalStateException">java.lang.IllegalStateException: Failed to load ApplicationContext
Caused by: java.lang.IllegalStateException: Could not initialize Logback logging from classpath:logback-spring.xml
Caused by: ch.qos.logback.core.joran.spi.JoranException: Problem parsing XML document. See previously reported errors.
Caused by: org.xml.sax.SAXParseException: 文档中根元素前面的标记必须格式正确。
</failure>
  </testcase>
  <testcase name="testGetNumberOFNFTS on testGetNumberOFNFTS(com.NFT.modules.spring.AccountTest)" classname="com.NFT.modules.spring.AccountTest" time="0.001">
    <failure message="Failed to load ApplicationContext" type="java.lang.IllegalStateException">java.lang.IllegalStateException: Failed to load ApplicationContext
Caused by: java.lang.IllegalStateException: Could not initialize Logback logging from classpath:logback-spring.xml
Caused by: ch.qos.logback.core.joran.spi.JoranException: Problem parsing XML document. See previously reported errors.
Caused by: org.xml.sax.SAXParseException: 文档中根元素前面的标记必须格式正确。
</failure>
  </testcase>
  <testcase name="getReturnValues on getReturnValues(com.NFT.modules.spring.AccountTest)" classname="com.NFT.modules.spring.AccountTest" time="0">
    <failure message="Failed to load ApplicationContext" type="java.lang.IllegalStateException">java.lang.IllegalStateException: Failed to load ApplicationContext
Caused by: java.lang.IllegalStateException: Could not initialize Logback logging from classpath:logback-spring.xml
Caused by: ch.qos.logback.core.joran.spi.JoranException: Problem parsing XML document. See previously reported errors.
Caused by: org.xml.sax.SAXParseException: 文档中根元素前面的标记必须格式正确。
</failure>
  </testcase>
  <testcase name="testGetBalance on testGetBalance(com.NFT.modules.spring.AccountTest)" classname="com.NFT.modules.spring.AccountTest" time="0">
    <failure message="Failed to load ApplicationContext" type="java.lang.IllegalStateException">java.lang.IllegalStateException: Failed to load ApplicationContext
Caused by: java.lang.IllegalStateException: Could not initialize Logback logging from classpath:logback-spring.xml
Caused by: ch.qos.logback.core.joran.spi.JoranException: Problem parsing XML document. See previously reported errors.
Caused by: org.xml.sax.SAXParseException: 文档中根元素前面的标记必须格式正确。
</failure>
  </testcase>
  <testcase name="testGetKey on testGetKey(com.NFT.modules.spring.AccountTest)" classname="com.NFT.modules.spring.AccountTest" time="0.001">
    <failure message="Failed to load ApplicationContext" type="java.lang.IllegalStateException">java.lang.IllegalStateException: Failed to load ApplicationContext
Caused by: java.lang.IllegalStateException: Could not initialize Logback logging from classpath:logback-spring.xml
Caused by: ch.qos.logback.core.joran.spi.JoranException: Problem parsing XML document. See previously reported errors.
Caused by: org.xml.sax.SAXParseException: 文档中根元素前面的标记必须格式正确。
</failure>
  </testcase>
  <testcase name="testUnlockAccount on testUnlockAccount(com.NFT.modules.spring.AccountTest)" classname="com.NFT.modules.spring.AccountTest" time="0">
    <failure message="Failed to load ApplicationContext" type="java.lang.IllegalStateException">java.lang.IllegalStateException: Failed to load ApplicationContext
Caused by: java.lang.IllegalStateException: Could not initialize Logback logging from classpath:logback-spring.xml
Caused by: ch.qos.logback.core.joran.spi.JoranException: Problem parsing XML document. See previously reported errors.
Caused by: org.xml.sax.SAXParseException: 文档中根元素前面的标记必须格式正确。
</failure>
  </testcase>
  <testcase name="testGetFilterChanges on testGetFilterChanges(com.NFT.modules.spring.GetTokenTest)" classname="com.NFT.modules.spring.GetTokenTest" time="20.682"/>
  <testcase name="testEthGetLogs on testEthGetLogs(com.NFT.modules.spring.GetTokenTest)" classname="com.NFT.modules.spring.GetTokenTest" time="0.001">
    <failure message="For input string: &quot;t&quot;" type="java.lang.NumberFormatException">java.lang.NumberFormatException: For input string: "t"
	at com.NFT.modules.spring.GetTokenTest.testEthGetLogs(GetTokenTest.java:88)
</failure>
  </testcase>
  <testcase name="testSelectList on testSelectList(com.NFT.modules.spring.MapperTest)" classname="com.NFT.modules.spring.MapperTest" time="0">
    <failure message="Failed to load ApplicationContext" type="java.lang.IllegalStateException">java.lang.IllegalStateException: Failed to load ApplicationContext
Caused by: java.lang.IllegalStateException: Could not initialize Logback logging from classpath:logback-spring.xml
Caused by: ch.qos.logback.core.joran.spi.JoranException: Problem parsing XML document. See previously reported errors.
Caused by: org.xml.sax.SAXParseException: 文档中根元素前面的标记必须格式正确。
</failure>
  </testcase>
  <testcase name="stopMiningTest on stopMiningTest(com.NFT.modules.spring.isMiningTest)" classname="com.NFT.modules.spring.isMiningTest" time="0">
    <failure message="Failed to load ApplicationContext" type="java.lang.IllegalStateException">java.lang.IllegalStateException: Failed to load ApplicationContext
Caused by: java.lang.IllegalStateException: Could not initialize Logback logging from classpath:logback-spring.xml
Caused by: ch.qos.logback.core.joran.spi.JoranException: Problem parsing XML document. See previously reported errors.
Caused by: org.xml.sax.SAXParseException: 文档中根元素前面的标记必须格式正确。
</failure>
  </testcase>
  <testcase name="isMiningTest on isMiningTest(com.NFT.modules.spring.isMiningTest)" classname="com.NFT.modules.spring.isMiningTest" time="0">
    <failure message="Failed to load ApplicationContext" type="java.lang.IllegalStateException">java.lang.IllegalStateException: Failed to load ApplicationContext
Caused by: java.lang.IllegalStateException: Could not initialize Logback logging from classpath:logback-spring.xml
Caused by: ch.qos.logback.core.joran.spi.JoranException: Problem parsing XML document. See previously reported errors.
Caused by: org.xml.sax.SAXParseException: 文档中根元素前面的标记必须格式正确。
</failure>
  </testcase>
</testsuite>